<?xml version="1.0" encoding="UTF-8"?>
<!-- Generated by org.testng.reporters.JUnitXMLReporter -->
<testsuite ignored="0" hostname="DESKTOP-GLID6PM" failures="0" tests="6" name="Default test" time="4.64" errors="0" timestamp="2024-11-20T22:36:35 GMT-05:00">
  <testcase classname="api.test.DDTest" name="testPostUser" time="1.81"/>
  <testcase classname="api.test.DDTest" name="testPostUser" time="0.435"/>
  <testcase classname="api.test.DDTest" name="testPostUser" time="0.273"/>
  <testcase classname="api.test.DDTest" name="testDeleteUserByName" time="0.318"/>
  <testcase classname="api.test.DDTest" name="testDeleteUserByName" time="0.373"/>
  <testcase classname="api.test.DDTest" name="testDeleteUserByName" time="0.242"/>
</testsuite> <!-- Default test -->
