<?xml version="1.0" encoding="UTF-8"?>
<testng-results ignored="0" total="4" passed="4" failed="0" skipped="0">
  <reporter-output>
  </reporter-output>
  <suite started-at="2024-11-29T19:23:38 GMT-05:00" name="PetSuite" finished-at="2024-11-29T19:23:41 GMT-05:00" duration-ms="3404">
    <groups>
    </groups>
    <test started-at="2024-11-29T19:23:38 GMT-05:00" name="PetTests" finished-at="2024-11-29T19:23:41 GMT-05:00" duration-ms="3404">
      <class name="api.test.UserTest">
        <test-method is-config="true" signature="setup()[pri:0, instance:api.test.UserTest@5e0826e7]" started-at="2024-11-29T19:23:38 GMT-05:00" name="setup" finished-at="2024-11-29T19:23:39 GMT-05:00" duration-ms="627" status="PASS">
          <reporter-output>
          </reporter-output>
        </test-method> <!-- setup -->
        <test-method signature="testPostUser()[pri:1, instance:api.test.UserTest@5e0826e7]" started-at="2024-11-29T19:23:39 GMT-05:00" name="testPostUser" finished-at="2024-11-29T19:23:40 GMT-05:00" duration-ms="1664" status="PASS">
          <reporter-output>
          </reporter-output>
        </test-method> <!-- testPostUser -->
        <test-method signature="testGetUserByName()[pri:2, instance:api.test.UserTest@5e0826e7]" started-at="2024-11-29T19:23:40 GMT-05:00" name="testGetUserByName" finished-at="2024-11-29T19:23:41 GMT-05:00" duration-ms="236" status="PASS">
          <reporter-output>
          </reporter-output>
        </test-method> <!-- testGetUserByName -->
        <test-method signature="testUpdateUserName()[pri:3, instance:api.test.UserTest@5e0826e7]" started-at="2024-11-29T19:23:41 GMT-05:00" name="testUpdateUserName" finished-at="2024-11-29T19:23:41 GMT-05:00" duration-ms="442" status="PASS">
          <reporter-output>
          </reporter-output>
        </test-method> <!-- testUpdateUserName -->
        <test-method signature="testDeleteUserByName()[pri:4, instance:api.test.UserTest@5e0826e7]" started-at="2024-11-29T19:23:41 GMT-05:00" name="testDeleteUserByName" finished-at="2024-11-29T19:23:41 GMT-05:00" duration-ms="220" status="PASS">
          <reporter-output>
          </reporter-output>
        </test-method> <!-- testDeleteUserByName -->
      </class> <!-- api.test.UserTest -->
    </test> <!-- PetTests -->
  </suite> <!-- PetSuite -->
</testng-results>
