<?xml version="1.0" encoding="UTF-8"?>
<testng-results ignored="0" total="4" passed="4" failed="0" skipped="0">
  <reporter-output>
  </reporter-output>
  <suite started-at="2024-11-29T10:58:44 GMT-05:00" name="TestSuite" finished-at="2024-11-29T10:58:48 GMT-05:00" duration-ms="3863">
    <groups>
    </groups>
    <test started-at="2024-11-29T10:58:44 GMT-05:00" name="PetTests" finished-at="2024-11-29T10:58:48 GMT-05:00" duration-ms="3863">
      <class name="api.test.UserTest2">
        <test-method is-config="true" signature="setup()[pri:0, instance:api.test.UserTest2@5d0bf09b]" started-at="2024-11-29T10:58:44 GMT-05:00" name="setup" finished-at="2024-11-29T10:58:45 GMT-05:00" duration-ms="763" status="PASS">
          <reporter-output>
          </reporter-output>
        </test-method> <!-- setup -->
        <test-method signature="testPostUser()[pri:1, instance:api.test.UserTest2@5d0bf09b]" started-at="2024-11-29T10:58:45 GMT-05:00" name="testPostUser" finished-at="2024-11-29T10:58:47 GMT-05:00" duration-ms="1838" status="PASS">
          <reporter-output>
          </reporter-output>
        </test-method> <!-- testPostUser -->
        <test-method signature="testGetUserByName()[pri:2, instance:api.test.UserTest2@5d0bf09b]" started-at="2024-11-29T10:58:47 GMT-05:00" name="testGetUserByName" finished-at="2024-11-29T10:58:47 GMT-05:00" duration-ms="255" status="PASS">
          <reporter-output>
          </reporter-output>
        </test-method> <!-- testGetUserByName -->
        <test-method signature="testUpdateUserName()[pri:3, instance:api.test.UserTest2@5d0bf09b]" started-at="2024-11-29T10:58:47 GMT-05:00" name="testUpdateUserName" finished-at="2024-11-29T10:58:48 GMT-05:00" duration-ms="451" status="PASS">
          <reporter-output>
          </reporter-output>
        </test-method> <!-- testUpdateUserName -->
        <test-method signature="testDeleteUserByName()[pri:4, instance:api.test.UserTest2@5d0bf09b]" started-at="2024-11-29T10:58:48 GMT-05:00" name="testDeleteUserByName" finished-at="2024-11-29T10:58:48 GMT-05:00" duration-ms="217" status="PASS">
          <reporter-output>
          </reporter-output>
        </test-method> <!-- testDeleteUserByName -->
      </class> <!-- api.test.UserTest2 -->
    </test> <!-- PetTests -->
  </suite> <!-- TestSuite -->
</testng-results>
