<?xml version="1.0" encoding="UTF-8"?>
<!-- Generated by org.testng.reporters.JUnitXMLReporter -->
<testsuite ignored="0" hostname="DESKTOP-GLID6PM" failures="0" tests="4" name="PetTests" time="3.404" errors="0" timestamp="2024-11-29T19:23:41 GMT-05:00">
  <testcase classname="api.test.UserTest" name="testPostUser" time="1.664"/>
  <testcase classname="api.test.UserTest" name="testGetUserByName" time="0.236"/>
  <testcase classname="api.test.UserTest" name="testUpdateUserName" time="0.442"/>
  <testcase classname="api.test.UserTest" name="testDeleteUserByName" time="0.22"/>
</testsuite> <!-- PetTests -->
