<?xml version="1.0" encoding="UTF-8"?>
<!-- Generated by org.testng.reporters.JUnitXMLReporter -->
<testsuite ignored="0" hostname="DESKTOP-GLID6PM" failures="0" tests="4" name="PetTests" time="3.863" errors="0" timestamp="2024-11-29T10:58:48 GMT-05:00">
  <testcase classname="api.test.UserTest2" name="testPostUser" time="1.838"/>
  <testcase classname="api.test.UserTest2" name="testGetUserByName" time="0.255"/>
  <testcase classname="api.test.UserTest2" name="testUpdateUserName" time="0.451"/>
  <testcase classname="api.test.UserTest2" name="testDeleteUserByName" time="0.217"/>
</testsuite> <!-- PetTests -->
